toolaid logs: Activities done on the script
================================

Log Entry [Date] : Thu Dec 16 06:01:28 PM EST 2021
 
Username         : Elliot Alderson 

[LOG STATEMENT]
Server CS30 is restored to normal connectivity. No more honeypot

[COMMENT] 
Initiate Stage 3
==================================


Log Entry [Date] : Mon Dec 20 10:44:03 AM EST 2021
 
Username         : danial 

[LOG STATEMENT]
no changes

[COMMENT] 

==================================


Log Entry [Date] : Fri Dec 24 07:08:26 PM EST 2021
 
Username         : daniel 

[LOG STATEMENT]
removed hacking options

[COMMENT] 
readd later
==================================

